2025-04-23 16:44:43,877 - INFO - Nenhum arquivo especificado. Processando todos os arquivos na pasta de entrada...
2025-04-23 16:44:43,877 - INFO - 
==================================================
2025-04-23 16:44:43,877 - INFO - Iniciando processamento do arquivo: dados\colhedorasFrente4-2204.zip
2025-04-23 16:44:43,877 - INFO - ==================================================
2025-04-23 16:44:43,878 - INFO - 
1. Carregando arquivo base...
2025-04-23 16:44:43,926 - INFO - Arquivo base processado com sucesso:
2025-04-23 16:44:43,926 - INFO - - Total de registros: 6
2025-04-23 16:44:43,927 - INFO - - Colunas encontradas: ['Equipamento;Data/Hora;Apertura do Rolo;Codigo da Operacao;Codigo Frente (digitada);Corporativo;Corte Base Automatico/Manual;Descricao Equipamento;Estado;Estado Operacional;Esteira Ligada;Field Cruiser;Grupo Equipamento/Frente;Grupo Operacao;Horimetro;Implemento Ligado;Justificativa Corte Base Desligado;Latitude;Longitude;Motor Ligado;Operacao;Operador;Pressao de Corte;Regional;RPM Extrator;RPM Motor;RTK (Piloto Automatico);Tipo de Equipamento;Trabalhando em Fila;Trabalhando Frente Dividida;Unidade;Fazenda;Zona;Talhao;Velocidade;Centro de Custo']
2025-04-23 16:44:43,927 - ERROR - Erro ao processar arquivo de manobras: 'Data/Hora'
2025-04-23 16:44:43,981 - ERROR - Traceback (most recent call last):
  File "C:\Users\IB\Desktop\Gilliard\Desenvolvimento\2_NOVA PLATAFORMA\processamentoexcel\.venv\Lib\site-packages\pandas\core\indexes\base.py", line 3805, in get_loc
    return self._engine.get_loc(casted_key)
           ^^^^^^^^^^^^^^^^^^^^^^^^^^^^^^^^
  File "index.pyx", line 167, in pandas._libs.index.IndexEngine.get_loc
  File "index.pyx", line 196, in pandas._libs.index.IndexEngine.get_loc
  File "pandas\\_libs\\hashtable_class_helper.pxi", line 7081, in pandas._libs.hashtable.PyObjectHashTable.get_item
  File "pandas\\_libs\\hashtable_class_helper.pxi", line 7089, in pandas._libs.hashtable.PyObjectHashTable.get_item
KeyError: 'Data/Hora'

The above exception was the direct cause of the following exception:

Traceback (most recent call last):
  File "c:\Users\IB\Desktop\Gilliard\Desenvolvimento\2_NOVA PLATAFORMA\processamentoexcel\scripts\analise_manobras.py", line 509, in processar_arquivo_manobras
    logging.info(f"- Período: {df['Data/Hora'].min()} até {df['Data/Hora'].max()}")
                               ~~^^^^^^^^^^^^^
  File "C:\Users\IB\Desktop\Gilliard\Desenvolvimento\2_NOVA PLATAFORMA\processamentoexcel\.venv\Lib\site-packages\pandas\core\frame.py", line 4102, in __getitem__
    indexer = self.columns.get_loc(key)
              ^^^^^^^^^^^^^^^^^^^^^^^^^
  File "C:\Users\IB\Desktop\Gilliard\Desenvolvimento\2_NOVA PLATAFORMA\processamentoexcel\.venv\Lib\site-packages\pandas\core\indexes\base.py", line 3812, in get_loc
    raise KeyError(key) from err
KeyError: 'Data/Hora'

2025-04-23 16:44:43,981 - INFO - 
==================================================
2025-04-23 16:44:43,981 - INFO - Iniciando processamento do arquivo: dados\manobras2204.zip
2025-04-23 16:44:43,982 - INFO - ==================================================
2025-04-23 16:44:43,982 - INFO - 
1. Carregando arquivo base...
2025-04-23 16:44:44,608 - INFO - Arquivo base processado com sucesso:
2025-04-23 16:44:44,608 - INFO - - Total de registros: 5591
2025-04-23 16:44:44,608 - INFO - - Colunas encontradas: ['Equipamento;Data/Hora;Codigo Frente (Digitada);Corte Base Automatico/Manual;Descricao Equipamento;Estado;Estado Operacional;Esteira Ligada;Grupo;Grupo Operacao;Horimetro;Implemento Ligado;Latitude;Longitude;Motor Ligado;Operacao;Operador;Pressao de Corte;RPM Extrator;RPM Motor;RTK;Tipo de Equipamento;Trabalhando Frente Dividida;Trabalhando em Fila;Velocidade;Implemento;Tipo Comunicacao']
2025-04-23 16:44:44,608 - ERROR - Erro ao processar arquivo de manobras: 'Data/Hora'
2025-04-23 16:44:44,609 - ERROR - Traceback (most recent call last):
  File "C:\Users\IB\Desktop\Gilliard\Desenvolvimento\2_NOVA PLATAFORMA\processamentoexcel\.venv\Lib\site-packages\pandas\core\indexes\base.py", line 3805, in get_loc
    return self._engine.get_loc(casted_key)
           ^^^^^^^^^^^^^^^^^^^^^^^^^^^^^^^^
  File "index.pyx", line 167, in pandas._libs.index.IndexEngine.get_loc
  File "index.pyx", line 196, in pandas._libs.index.IndexEngine.get_loc
  File "pandas\\_libs\\hashtable_class_helper.pxi", line 7081, in pandas._libs.hashtable.PyObjectHashTable.get_item
  File "pandas\\_libs\\hashtable_class_helper.pxi", line 7089, in pandas._libs.hashtable.PyObjectHashTable.get_item
KeyError: 'Data/Hora'

The above exception was the direct cause of the following exception:

Traceback (most recent call last):
  File "c:\Users\IB\Desktop\Gilliard\Desenvolvimento\2_NOVA PLATAFORMA\processamentoexcel\scripts\analise_manobras.py", line 509, in processar_arquivo_manobras
    logging.info(f"- Período: {df['Data/Hora'].min()} até {df['Data/Hora'].max()}")
                               ~~^^^^^^^^^^^^^
  File "C:\Users\IB\Desktop\Gilliard\Desenvolvimento\2_NOVA PLATAFORMA\processamentoexcel\.venv\Lib\site-packages\pandas\core\frame.py", line 4102, in __getitem__
    indexer = self.columns.get_loc(key)
              ^^^^^^^^^^^^^^^^^^^^^^^^^
  File "C:\Users\IB\Desktop\Gilliard\Desenvolvimento\2_NOVA PLATAFORMA\processamentoexcel\.venv\Lib\site-packages\pandas\core\indexes\base.py", line 3812, in get_loc
    raise KeyError(key) from err
KeyError: 'Data/Hora'

2025-04-23 16:44:44,611 - INFO - 
==================================================
2025-04-23 16:44:44,611 - INFO - Iniciando processamento do arquivo: dados\transbordosFrente1-2204.zip
2025-04-23 16:44:44,611 - INFO - ==================================================
2025-04-23 16:44:44,611 - INFO - 
1. Carregando arquivo base...
2025-04-23 16:44:44,638 - INFO - Arquivo base processado com sucesso:
2025-04-23 16:44:44,638 - INFO - - Total de registros: 2621
2025-04-23 16:44:44,639 - INFO - - Colunas encontradas: ['Equipamento;Data/Hora;Corporativo;Descricao Equipamento;Estado;Estado Operacional;Grupo Equipamento/Frente;Grupo Operacao;Horimetro;Latitude;Longitude;Motor Ligado;Operacao;Operador;Quantidade de Caixotes;Regional;RPM Motor;RTK (Piloto Automatico);Tipo de Equipamento;Trabalhando em Fila;Trabalhando Frente Dividida;Unidade;Velocidade;Centro de Custo;Fazenda;Zona;Talhao']
2025-04-23 16:44:44,639 - ERROR - Erro ao processar arquivo de manobras: 'Data/Hora'
2025-04-23 16:44:44,639 - ERROR - Traceback (most recent call last):
  File "C:\Users\IB\Desktop\Gilliard\Desenvolvimento\2_NOVA PLATAFORMA\processamentoexcel\.venv\Lib\site-packages\pandas\core\indexes\base.py", line 3805, in get_loc
    return self._engine.get_loc(casted_key)
           ^^^^^^^^^^^^^^^^^^^^^^^^^^^^^^^^
  File "index.pyx", line 167, in pandas._libs.index.IndexEngine.get_loc
  File "index.pyx", line 196, in pandas._libs.index.IndexEngine.get_loc
  File "pandas\\_libs\\hashtable_class_helper.pxi", line 7081, in pandas._libs.hashtable.PyObjectHashTable.get_item
  File "pandas\\_libs\\hashtable_class_helper.pxi", line 7089, in pandas._libs.hashtable.PyObjectHashTable.get_item
KeyError: 'Data/Hora'

The above exception was the direct cause of the following exception:

Traceback (most recent call last):
  File "c:\Users\IB\Desktop\Gilliard\Desenvolvimento\2_NOVA PLATAFORMA\processamentoexcel\scripts\analise_manobras.py", line 509, in processar_arquivo_manobras
    logging.info(f"- Período: {df['Data/Hora'].min()} até {df['Data/Hora'].max()}")
                               ~~^^^^^^^^^^^^^
  File "C:\Users\IB\Desktop\Gilliard\Desenvolvimento\2_NOVA PLATAFORMA\processamentoexcel\.venv\Lib\site-packages\pandas\core\frame.py", line 4102, in __getitem__
    indexer = self.columns.get_loc(key)
              ^^^^^^^^^^^^^^^^^^^^^^^^^
  File "C:\Users\IB\Desktop\Gilliard\Desenvolvimento\2_NOVA PLATAFORMA\processamentoexcel\.venv\Lib\site-packages\pandas\core\indexes\base.py", line 3812, in get_loc
    raise KeyError(key) from err
KeyError: 'Data/Hora'

2025-04-23 16:48:17,518 - INFO - Nenhum arquivo especificado. Processando todos os arquivos na pasta de entrada...
2025-04-23 16:48:17,520 - INFO - 
==================================================
2025-04-23 16:48:17,520 - INFO - Iniciando processamento do arquivo: dados\colhedorasFrente4-2204.zip
2025-04-23 16:48:17,520 - INFO - ==================================================
2025-04-23 16:48:17,520 - INFO - 
1. Carregando arquivo base...
2025-04-23 16:48:17,523 - INFO - Tentando ler arquivo com encoding utf-8 e separador ';'
2025-04-23 16:48:17,533 - INFO - Arquivo lido com sucesso usando encoding utf-8 e separador ';'
2025-04-23 16:48:17,533 - INFO - Colunas encontradas: ['Equipamento', 'Data/Hora', 'Apertura do Rolo', 'Codigo da Operacao', 'Codigo Frente (digitada)', 'Corporativo', 'Corte Base Automatico/Manual', 'Descricao Equipamento', 'Estado', 'Estado Operacional', 'Esteira Ligada', 'Field Cruiser', 'Grupo Equipamento/Frente', 'Grupo Operacao', 'Horimetro', 'Implemento Ligado', 'Justificativa Corte Base Desligado', 'Latitude', 'Longitude', 'Motor Ligado', 'Operacao', 'Operador', 'Pressao de Corte', 'Regional', 'RPM Extrator', 'RPM Motor', 'RTK (Piloto Automatico)', 'Tipo de Equipamento', 'Trabalhando em Fila', 'Trabalhando Frente Dividida', 'Unidade', 'Fazenda', 'Zona', 'Talhao', 'Velocidade', 'Centro de Custo']
2025-04-23 16:48:17,533 - INFO - Total de registros: 6
2025-04-23 16:48:17,534 - INFO - Arquivo base processado com sucesso:
2025-04-23 16:48:17,534 - INFO - - Total de registros: 6
2025-04-23 16:48:17,535 - INFO - - Colunas encontradas: ['Equipamento', 'Data/Hora', 'Apertura do Rolo', 'Codigo da Operacao', 'Codigo Frente (digitada)', 'Corporativo', 'Corte Base Automatico/Manual', 'Descricao Equipamento', 'Estado', 'Estado Operacional', 'Esteira Ligada', 'Field Cruiser', 'Grupo Equipamento/Frente', 'Grupo Operacao', 'Horimetro', 'Implemento Ligado', 'Justificativa Corte Base Desligado', 'Latitude', 'Longitude', 'Motor Ligado', 'Operacao', 'Operador', 'Pressao de Corte', 'Regional', 'RPM Extrator', 'RPM Motor', 'RTK (Piloto Automatico)', 'Tipo de Equipamento', 'Trabalhando em Fila', 'Trabalhando Frente Dividida', 'Unidade', 'Fazenda', 'Zona', 'Talhao', 'Velocidade', 'Centro de Custo']
2025-04-23 16:48:17,537 - INFO - - Período: 2025-04-22 07:47:12 até 2025-04-22 09:14:08
2025-04-23 16:48:17,537 - INFO - 
2. Identificando manobras...
2025-04-23 16:48:17,537 - INFO - Iniciando identificação de manobras...
2025-04-23 16:48:17,537 - INFO - Calculando direção do movimento...
2025-04-23 16:48:17,542 - INFO - Identificando manobras com base nos parâmetros...
2025-04-23 16:48:17,542 - INFO - Total de manobras identificadas: 0
2025-04-23 16:48:17,542 - ERROR - Erro: Não foi possível identificar manobras no arquivo
2025-04-23 16:48:17,542 - INFO - 
==================================================
2025-04-23 16:48:17,542 - INFO - Iniciando processamento do arquivo: dados\manobras2204.zip
2025-04-23 16:48:17,542 - INFO - ==================================================
2025-04-23 16:48:17,543 - INFO - 
1. Carregando arquivo base...
2025-04-23 16:48:17,554 - INFO - Tentando ler arquivo com encoding utf-8 e separador ';'
2025-04-23 16:48:17,632 - INFO - Arquivo lido com sucesso usando encoding utf-8 e separador ';'
2025-04-23 16:48:17,632 - INFO - Colunas encontradas: ['Equipamento', 'Data/Hora', 'Codigo Frente (Digitada)', 'Corte Base Automatico/Manual', 'Descricao Equipamento', 'Estado', 'Estado Operacional', 'Esteira Ligada', 'Grupo', 'Grupo Operacao', 'Horimetro', 'Implemento Ligado', 'Latitude', 'Longitude', 'Motor Ligado', 'Operacao', 'Operador', 'Pressao de Corte', 'RPM Extrator', 'RPM Motor', 'RTK', 'Tipo de Equipamento', 'Trabalhando Frente Dividida', 'Trabalhando em Fila', 'Velocidade', 'Implemento', 'Tipo Comunicacao']
2025-04-23 16:48:17,632 - INFO - Total de registros: 15031
2025-04-23 16:48:17,634 - INFO - Arquivo base processado com sucesso:
2025-04-23 16:48:17,634 - INFO - - Total de registros: 15031
2025-04-23 16:48:17,634 - INFO - - Colunas encontradas: ['Equipamento', 'Data/Hora', 'Codigo Frente (Digitada)', 'Corte Base Automatico/Manual', 'Descricao Equipamento', 'Estado', 'Estado Operacional', 'Esteira Ligada', 'Grupo', 'Grupo Operacao', 'Horimetro', 'Implemento Ligado', 'Latitude', 'Longitude', 'Motor Ligado', 'Operacao', 'Operador', 'Pressao de Corte', 'RPM Extrator', 'RPM Motor', 'RTK', 'Tipo de Equipamento', 'Trabalhando Frente Dividida', 'Trabalhando em Fila', 'Velocidade', 'Implemento', 'Tipo Comunicacao']
2025-04-23 16:48:17,634 - INFO - - Período: 2025-04-22 00:00:03 até 2025-04-22 23:59:58
2025-04-23 16:48:17,634 - INFO - 
2. Identificando manobras...
2025-04-23 16:48:17,634 - INFO - Iniciando identificação de manobras...
2025-04-23 16:48:17,635 - INFO - Calculando direção do movimento...
2025-04-23 16:48:17,635 - ERROR - Erro ao identificar manobras: unsupported operand type(s) for -: 'str' and 'str'
2025-04-23 16:48:17,635 - ERROR - Erro: Não foi possível identificar manobras no arquivo
2025-04-23 16:48:17,636 - INFO - 
==================================================
2025-04-23 16:48:17,636 - INFO - Iniciando processamento do arquivo: dados\transbordosFrente1-2204.zip
2025-04-23 16:48:17,636 - INFO - ==================================================
2025-04-23 16:48:17,636 - INFO - 
1. Carregando arquivo base...
2025-04-23 16:48:17,641 - INFO - Tentando ler arquivo com encoding utf-8 e separador ';'
2025-04-23 16:48:17,666 - INFO - Arquivo lido com sucesso usando encoding utf-8 e separador ';'
2025-04-23 16:48:17,667 - INFO - Colunas encontradas: ['Equipamento', 'Data/Hora', 'Corporativo', 'Descricao Equipamento', 'Estado', 'Estado Operacional', 'Grupo Equipamento/Frente', 'Grupo Operacao', 'Horimetro', 'Latitude', 'Longitude', 'Motor Ligado', 'Operacao', 'Operador', 'Quantidade de Caixotes', 'Regional', 'RPM Motor', 'RTK (Piloto Automatico)', 'Tipo de Equipamento', 'Trabalhando em Fila', 'Trabalhando Frente Dividida', 'Unidade', 'Velocidade', 'Centro de Custo', 'Fazenda', 'Zona', 'Talhao']
2025-04-23 16:48:17,668 - INFO - Total de registros: 2621
2025-04-23 16:48:17,669 - INFO - Arquivo base processado com sucesso:
2025-04-23 16:48:17,669 - INFO - - Total de registros: 2621
2025-04-23 16:48:17,669 - INFO - - Colunas encontradas: ['Equipamento', 'Data/Hora', 'Corporativo', 'Descricao Equipamento', 'Estado', 'Estado Operacional', 'Grupo Equipamento/Frente', 'Grupo Operacao', 'Horimetro', 'Latitude', 'Longitude', 'Motor Ligado', 'Operacao', 'Operador', 'Quantidade de Caixotes', 'Regional', 'RPM Motor', 'RTK (Piloto Automatico)', 'Tipo de Equipamento', 'Trabalhando em Fila', 'Trabalhando Frente Dividida', 'Unidade', 'Velocidade', 'Centro de Custo', 'Fazenda', 'Zona', 'Talhao']
2025-04-23 16:48:17,670 - INFO - - Período: 2025-04-22 00:00:03 até 2025-04-22 23:58:03
2025-04-23 16:48:17,670 - INFO - 
2. Identificando manobras...
2025-04-23 16:48:17,670 - INFO - Iniciando identificação de manobras...
2025-04-23 16:48:17,671 - INFO - Calculando direção do movimento...
2025-04-23 16:48:17,671 - INFO - Identificando manobras com base nos parâmetros...
2025-04-23 16:48:17,703 - INFO - Total de manobras identificadas: 173
2025-04-23 16:48:17,703 - INFO - Primeira manobra: 2025-04-22 00:22:50 - 2025-04-22 00:22:50
2025-04-23 16:48:17,704 - INFO - Última manobra: 2025-04-22 21:44:05 - 2025-04-22 21:44:05
2025-04-23 16:48:17,704 - INFO - Manobras identificadas com sucesso:
2025-04-23 16:48:17,704 - INFO - - Total de manobras: 173
2025-04-23 16:48:17,704 - ERROR - Erro ao processar arquivo de manobras: 'list' object has no attribute 'columns'
2025-04-23 16:48:17,706 - ERROR - Traceback (most recent call last):
  File "c:\Users\IB\Desktop\Gilliard\Desenvolvimento\2_NOVA PLATAFORMA\processamentoexcel\scripts\analise_manobras.py", line 519, in processar_arquivo_manobras
    if 'Tipo_Manobra' in df_manobras.columns:
                         ^^^^^^^^^^^^^^^^^^^
AttributeError: 'list' object has no attribute 'columns'

2025-04-23 17:16:53,042 - INFO - Nenhum arquivo especificado. Processando todos os arquivos na pasta de entrada...
2025-04-23 17:16:53,043 - INFO - 
==================================================
2025-04-23 17:16:53,043 - INFO - Iniciando processamento do arquivo: dados\colhedorasFrente4-2204.zip
2025-04-23 17:16:53,043 - INFO - ==================================================
2025-04-23 17:16:53,043 - INFO - 
1. Carregando arquivo base...
2025-04-23 17:16:53,046 - INFO - Tentando ler arquivo com encoding utf-8 e separador ';'
2025-04-23 17:16:53,053 - INFO - Arquivo lido com sucesso usando encoding utf-8 e separador ';'
2025-04-23 17:16:53,054 - INFO - Colunas encontradas: ['Equipamento', 'Data/Hora', 'Apertura do Rolo', 'Codigo da Operacao', 'Codigo Frente (digitada)', 'Corporativo', 'Corte Base Automatico/Manual', 'Descricao Equipamento', 'Estado', 'Estado Operacional', 'Esteira Ligada', 'Field Cruiser', 'Grupo Equipamento/Frente', 'Grupo Operacao', 'Horimetro', 'Implemento Ligado', 'Justificativa Corte Base Desligado', 'Latitude', 'Longitude', 'Motor Ligado', 'Operacao', 'Operador', 'Pressao de Corte', 'Regional', 'RPM Extrator', 'RPM Motor', 'RTK (Piloto Automatico)', 'Tipo de Equipamento', 'Trabalhando em Fila', 'Trabalhando Frente Dividida', 'Unidade', 'Fazenda', 'Zona', 'Talhao', 'Velocidade', 'Centro de Custo']
2025-04-23 17:16:53,054 - INFO - Total de registros: 6
2025-04-23 17:16:53,055 - INFO - Arquivo base processado com sucesso:
2025-04-23 17:16:53,056 - INFO - - Total de registros: 6
2025-04-23 17:16:53,056 - INFO - - Colunas encontradas: ['Equipamento', 'Data/Hora', 'Apertura do Rolo', 'Codigo da Operacao', 'Codigo Frente (digitada)', 'Corporativo', 'Corte Base Automatico/Manual', 'Descricao Equipamento', 'Estado', 'Estado Operacional', 'Esteira Ligada', 'Field Cruiser', 'Grupo Equipamento/Frente', 'Grupo Operacao', 'Horimetro', 'Implemento Ligado', 'Justificativa Corte Base Desligado', 'Latitude', 'Longitude', 'Motor Ligado', 'Operacao', 'Operador', 'Pressao de Corte', 'Regional', 'RPM Extrator', 'RPM Motor', 'RTK (Piloto Automatico)', 'Tipo de Equipamento', 'Trabalhando em Fila', 'Trabalhando Frente Dividida', 'Unidade', 'Fazenda', 'Zona', 'Talhao', 'Velocidade', 'Centro de Custo']
2025-04-23 17:16:53,056 - INFO - - Período: 2025-04-22 07:47:12 até 2025-04-22 09:14:08
2025-04-23 17:16:53,056 - INFO - 
2. Identificando manobras...
2025-04-23 17:16:53,056 - INFO - Iniciando identificação de manobras...
2025-04-23 17:16:53,056 - INFO - Convertendo colunas numéricas...
2025-04-23 17:16:53,060 - INFO - Calculando direção do movimento...
2025-04-23 17:16:53,062 - INFO - Identificando manobras com base nos parâmetros...
2025-04-23 17:16:53,062 - INFO - Total de manobras identificadas: 0
2025-04-23 17:16:53,062 - WARNING - Nenhuma manobra foi identificada
2025-04-23 17:16:53,062 - ERROR - Erro: Não foi possível identificar manobras no arquivo
2025-04-23 17:16:53,062 - INFO - 
==================================================
2025-04-23 17:16:53,063 - INFO - Iniciando processamento do arquivo: dados\manobras2204.zip
2025-04-23 17:16:53,063 - INFO - ==================================================
2025-04-23 17:16:53,063 - INFO - 
1. Carregando arquivo base...
2025-04-23 17:16:53,074 - INFO - Tentando ler arquivo com encoding utf-8 e separador ';'
2025-04-23 17:16:53,155 - INFO - Arquivo lido com sucesso usando encoding utf-8 e separador ';'
2025-04-23 17:16:53,156 - INFO - Colunas encontradas: ['Equipamento', 'Data/Hora', 'Codigo Frente (Digitada)', 'Corte Base Automatico/Manual', 'Descricao Equipamento', 'Estado', 'Estado Operacional', 'Esteira Ligada', 'Grupo', 'Grupo Operacao', 'Horimetro', 'Implemento Ligado', 'Latitude', 'Longitude', 'Motor Ligado', 'Operacao', 'Operador', 'Pressao de Corte', 'RPM Extrator', 'RPM Motor', 'RTK', 'Tipo de Equipamento', 'Trabalhando Frente Dividida', 'Trabalhando em Fila', 'Velocidade', 'Implemento', 'Tipo Comunicacao']
2025-04-23 17:16:53,156 - INFO - Total de registros: 15031
2025-04-23 17:16:53,158 - INFO - Arquivo base processado com sucesso:
2025-04-23 17:16:53,158 - INFO - - Total de registros: 15031
2025-04-23 17:16:53,158 - INFO - - Colunas encontradas: ['Equipamento', 'Data/Hora', 'Codigo Frente (Digitada)', 'Corte Base Automatico/Manual', 'Descricao Equipamento', 'Estado', 'Estado Operacional', 'Esteira Ligada', 'Grupo', 'Grupo Operacao', 'Horimetro', 'Implemento Ligado', 'Latitude', 'Longitude', 'Motor Ligado', 'Operacao', 'Operador', 'Pressao de Corte', 'RPM Extrator', 'RPM Motor', 'RTK', 'Tipo de Equipamento', 'Trabalhando Frente Dividida', 'Trabalhando em Fila', 'Velocidade', 'Implemento', 'Tipo Comunicacao']
2025-04-23 17:16:53,160 - INFO - - Período: 2025-04-22 00:00:03 até 2025-04-22 23:59:58
2025-04-23 17:16:53,160 - INFO - 
2. Identificando manobras...
2025-04-23 17:16:53,160 - INFO - Iniciando identificação de manobras...
2025-04-23 17:16:53,160 - INFO - Convertendo colunas numéricas...
2025-04-23 17:16:53,188 - ERROR - Não há dados válidos após conversão das colunas numéricas
2025-04-23 17:16:53,189 - ERROR - Erro: Não foi possível identificar manobras no arquivo
2025-04-23 17:16:53,190 - INFO - 
==================================================
2025-04-23 17:16:53,190 - INFO - Iniciando processamento do arquivo: dados\transbordosFrente1-2204.zip
2025-04-23 17:16:53,190 - INFO - ==================================================
2025-04-23 17:16:53,190 - INFO - 
1. Carregando arquivo base...
2025-04-23 17:16:53,194 - INFO - Tentando ler arquivo com encoding utf-8 e separador ';'
2025-04-23 17:16:53,220 - INFO - Arquivo lido com sucesso usando encoding utf-8 e separador ';'
2025-04-23 17:16:53,220 - INFO - Colunas encontradas: ['Equipamento', 'Data/Hora', 'Corporativo', 'Descricao Equipamento', 'Estado', 'Estado Operacional', 'Grupo Equipamento/Frente', 'Grupo Operacao', 'Horimetro', 'Latitude', 'Longitude', 'Motor Ligado', 'Operacao', 'Operador', 'Quantidade de Caixotes', 'Regional', 'RPM Motor', 'RTK (Piloto Automatico)', 'Tipo de Equipamento', 'Trabalhando em Fila', 'Trabalhando Frente Dividida', 'Unidade', 'Velocidade', 'Centro de Custo', 'Fazenda', 'Zona', 'Talhao']
2025-04-23 17:16:53,221 - INFO - Total de registros: 2621
2025-04-23 17:16:53,221 - INFO - Arquivo base processado com sucesso:
2025-04-23 17:16:53,221 - INFO - - Total de registros: 2621
2025-04-23 17:16:53,222 - INFO - - Colunas encontradas: ['Equipamento', 'Data/Hora', 'Corporativo', 'Descricao Equipamento', 'Estado', 'Estado Operacional', 'Grupo Equipamento/Frente', 'Grupo Operacao', 'Horimetro', 'Latitude', 'Longitude', 'Motor Ligado', 'Operacao', 'Operador', 'Quantidade de Caixotes', 'Regional', 'RPM Motor', 'RTK (Piloto Automatico)', 'Tipo de Equipamento', 'Trabalhando em Fila', 'Trabalhando Frente Dividida', 'Unidade', 'Velocidade', 'Centro de Custo', 'Fazenda', 'Zona', 'Talhao']
2025-04-23 17:16:53,222 - INFO - - Período: 2025-04-22 00:00:03 até 2025-04-22 23:58:03
2025-04-23 17:16:53,222 - INFO - 
2. Identificando manobras...
2025-04-23 17:16:53,222 - INFO - Iniciando identificação de manobras...
2025-04-23 17:16:53,223 - INFO - Convertendo colunas numéricas...
2025-04-23 17:16:53,226 - INFO - Calculando direção do movimento...
2025-04-23 17:16:53,229 - INFO - Identificando manobras com base nos parâmetros...
2025-04-23 17:16:53,258 - INFO - Total de manobras identificadas: 173
2025-04-23 17:16:53,258 - INFO - Primeira manobra: 2025-04-22 00:22:50 - 2025-04-22 00:22:50
2025-04-23 17:16:53,258 - INFO - Última manobra: 2025-04-22 21:44:05 - 2025-04-22 21:44:05
2025-04-23 17:16:53,261 - INFO - Manobras identificadas com sucesso:
2025-04-23 17:16:53,261 - INFO - - Total de manobras: 173
2025-04-23 17:16:53,264 - INFO - - Tipos de manobra: {'Mudança de Direção': 173}
2025-04-23 17:16:53,264 - INFO - 
3. Calculando métricas...
2025-04-23 17:16:53,303 - ERROR - Erro: Não foi possível calcular métricas das manobras
2025-04-23 17:19:22,731 - INFO - Nenhum arquivo especificado. Processando todos os arquivos na pasta de entrada...
2025-04-23 17:19:22,732 - INFO - 
==================================================
2025-04-23 17:19:22,732 - INFO - Iniciando processamento do arquivo: dados\manobras2204.zip
2025-04-23 17:19:22,732 - INFO - ==================================================
2025-04-23 17:19:22,733 - INFO - 
1. Carregando arquivo base...
2025-04-23 17:19:22,743 - INFO - Tentando ler arquivo com encoding utf-8 e separador ';'
2025-04-23 17:19:22,824 - INFO - Arquivo lido com sucesso usando encoding utf-8 e separador ';'
2025-04-23 17:19:22,824 - INFO - Colunas encontradas: ['Equipamento', 'Data/Hora', 'Codigo Frente (Digitada)', 'Corte Base Automatico/Manual', 'Descricao Equipamento', 'Estado', 'Estado Operacional', 'Esteira Ligada', 'Grupo', 'Grupo Operacao', 'Horimetro', 'Implemento Ligado', 'Latitude', 'Longitude', 'Motor Ligado', 'Operacao', 'Operador', 'Pressao de Corte', 'RPM Extrator', 'RPM Motor', 'RTK', 'Tipo de Equipamento', 'Trabalhando Frente Dividida', 'Trabalhando em Fila', 'Velocidade', 'Implemento', 'Tipo Comunicacao']
2025-04-23 17:19:22,825 - INFO - Total de registros: 15031
2025-04-23 17:19:22,826 - INFO - Arquivo base processado com sucesso:
2025-04-23 17:19:22,826 - INFO - - Total de registros: 15031
2025-04-23 17:19:22,826 - INFO - - Colunas encontradas: ['Equipamento', 'Data/Hora', 'Codigo Frente (Digitada)', 'Corte Base Automatico/Manual', 'Descricao Equipamento', 'Estado', 'Estado Operacional', 'Esteira Ligada', 'Grupo', 'Grupo Operacao', 'Horimetro', 'Implemento Ligado', 'Latitude', 'Longitude', 'Motor Ligado', 'Operacao', 'Operador', 'Pressao de Corte', 'RPM Extrator', 'RPM Motor', 'RTK', 'Tipo de Equipamento', 'Trabalhando Frente Dividida', 'Trabalhando em Fila', 'Velocidade', 'Implemento', 'Tipo Comunicacao']
2025-04-23 17:19:22,827 - INFO - - Período: 2025-04-22 00:00:03 até 2025-04-22 23:59:58
2025-04-23 17:19:22,827 - INFO - 
2. Identificando manobras...
2025-04-23 17:19:22,827 - INFO - Iniciando identificação de manobras...
2025-04-23 17:19:22,827 - INFO - Convertendo colunas numéricas...
2025-04-23 17:19:22,851 - ERROR - Não há dados válidos após conversão das colunas numéricas
2025-04-23 17:19:22,852 - ERROR - Erro: Não foi possível identificar manobras no arquivo
2025-04-23 17:20:23,814 - INFO - Nenhum arquivo especificado. Processando todos os arquivos na pasta de entrada...
2025-04-23 17:20:23,816 - INFO - 
==================================================
2025-04-23 17:20:23,816 - INFO - Iniciando processamento do arquivo: dados\manobras2204.zip
2025-04-23 17:20:23,816 - INFO - ==================================================
2025-04-23 17:20:23,816 - INFO - 
1. Carregando arquivo base...
2025-04-23 17:20:23,828 - INFO - Tentando ler arquivo com encoding utf-8 e separador ';'
2025-04-23 17:20:23,910 - INFO - Arquivo lido com sucesso usando encoding utf-8 e separador ';'
2025-04-23 17:20:23,910 - INFO - Colunas encontradas: ['Equipamento', 'Data/Hora', 'Codigo Frente (Digitada)', 'Corte Base Automatico/Manual', 'Descricao Equipamento', 'Estado', 'Estado Operacional', 'Esteira Ligada', 'Grupo', 'Grupo Operacao', 'Horimetro', 'Implemento Ligado', 'Latitude', 'Longitude', 'Motor Ligado', 'Operacao', 'Operador', 'Pressao de Corte', 'RPM Extrator', 'RPM Motor', 'RTK', 'Tipo de Equipamento', 'Trabalhando Frente Dividida', 'Trabalhando em Fila', 'Velocidade', 'Implemento', 'Tipo Comunicacao']
2025-04-23 17:20:23,911 - INFO - Total de registros: 15031
2025-04-23 17:20:23,912 - INFO - Arquivo base processado com sucesso:
2025-04-23 17:20:23,912 - INFO - - Total de registros: 15031
2025-04-23 17:20:23,912 - INFO - - Colunas encontradas: ['Equipamento', 'Data/Hora', 'Codigo Frente (Digitada)', 'Corte Base Automatico/Manual', 'Descricao Equipamento', 'Estado', 'Estado Operacional', 'Esteira Ligada', 'Grupo', 'Grupo Operacao', 'Horimetro', 'Implemento Ligado', 'Latitude', 'Longitude', 'Motor Ligado', 'Operacao', 'Operador', 'Pressao de Corte', 'RPM Extrator', 'RPM Motor', 'RTK', 'Tipo de Equipamento', 'Trabalhando Frente Dividida', 'Trabalhando em Fila', 'Velocidade', 'Implemento', 'Tipo Comunicacao']
2025-04-23 17:20:23,912 - INFO - - Período: 2025-04-22 00:00:03 até 2025-04-22 23:59:58
2025-04-23 17:20:23,913 - INFO - 
2. Identificando manobras...
2025-04-23 17:20:23,913 - INFO - Iniciando identificação de manobras...
2025-04-23 17:20:23,913 - INFO - Convertendo colunas numéricas...
2025-04-23 17:20:23,936 - ERROR - Não há dados válidos após conversão das colunas numéricas
2025-04-23 17:20:23,937 - ERROR - Erro: Não foi possível identificar manobras no arquivo
2025-04-23 17:20:52,309 - INFO - Nenhum arquivo especificado. Processando todos os arquivos na pasta de entrada...
2025-04-23 17:20:52,309 - INFO - 
==================================================
2025-04-23 17:20:52,309 - INFO - Iniciando processamento do arquivo: dados\manobras2204.zip
2025-04-23 17:20:52,310 - INFO - ==================================================
2025-04-23 17:20:52,310 - INFO - 
1. Carregando arquivo base...
2025-04-23 17:20:52,321 - INFO - Tentando ler arquivo com encoding utf-8 e separador ';'
2025-04-23 17:20:52,451 - INFO - Arquivo lido com sucesso usando encoding utf-8 e separador ';'
2025-04-23 17:20:52,452 - INFO - Colunas encontradas: ['Equipamento', 'Data/Hora', 'Codigo Frente (Digitada)', 'Corte Base Automatico/Manual', 'Descricao Equipamento', 'Estado', 'Estado Operacional', 'Esteira Ligada', 'Grupo', 'Grupo Operacao', 'Horimetro', 'Implemento Ligado', 'Latitude', 'Longitude', 'Motor Ligado', 'Operacao', 'Operador', 'Pressao de Corte', 'RPM Extrator', 'RPM Motor', 'RTK', 'Tipo de Equipamento', 'Trabalhando Frente Dividida', 'Trabalhando em Fila', 'Velocidade', 'Implemento', 'Tipo Comunicacao']
2025-04-23 17:20:52,452 - INFO - Total de registros: 15031
2025-04-23 17:20:52,453 - INFO - Arquivo base processado com sucesso:
2025-04-23 17:20:52,453 - INFO - - Total de registros: 15031
2025-04-23 17:20:52,453 - INFO - - Colunas encontradas: ['Equipamento', 'Data/Hora', 'Codigo Frente (Digitada)', 'Corte Base Automatico/Manual', 'Descricao Equipamento', 'Estado', 'Estado Operacional', 'Esteira Ligada', 'Grupo', 'Grupo Operacao', 'Horimetro', 'Implemento Ligado', 'Latitude', 'Longitude', 'Motor Ligado', 'Operacao', 'Operador', 'Pressao de Corte', 'RPM Extrator', 'RPM Motor', 'RTK', 'Tipo de Equipamento', 'Trabalhando Frente Dividida', 'Trabalhando em Fila', 'Velocidade', 'Implemento', 'Tipo Comunicacao']
2025-04-23 17:20:52,454 - INFO - - Período: 2025-04-22 00:00:03 até 2025-04-22 23:59:58
2025-04-23 17:20:52,454 - INFO - 
2. Identificando manobras...
2025-04-23 17:20:52,454 - INFO - Iniciando identificação de manobras...
2025-04-23 17:20:52,454 - INFO - Convertendo colunas numéricas...
2025-04-23 17:20:52,455 - INFO - Tipos atuais das colunas: Latitude=object, Longitude=object, Velocidade=object
2025-04-23 17:20:52,455 - INFO - Exemplos de valores antes da conversão:
2025-04-23 17:20:52,455 - INFO - Latitude: ['-19,707906087239596', '-19,707906087239596', '-19,707899729410823']
2025-04-23 17:20:52,455 - INFO - Longitude: ['-50,49509048461915', '-50,4950777689616', '-50,49507141113282']
2025-04-23 17:20:52,455 - INFO - Velocidade: ['0', '0', '0']
2025-04-23 17:20:52,488 - INFO - Tipos após a conversão: Latitude=float64, Longitude=float64, Velocidade=float64
2025-04-23 17:20:52,489 - INFO - Exemplos de valores após a conversão:
2025-04-23 17:20:52,489 - INFO - Latitude: [-19.7079060872396, -19.7079060872396, -19.707899729410823]
2025-04-23 17:20:52,490 - INFO - Longitude: [-50.49509048461915, -50.4950777689616, -50.49507141113282]
2025-04-23 17:20:52,490 - INFO - Velocidade: [0.0, 0.0, 0.0]
2025-04-23 17:20:52,501 - INFO - Linhas removidas por valores nulos: 0 de 15031 (0.00%)
2025-04-23 17:20:52,503 - INFO - Calculando direção do movimento...
2025-04-23 17:20:52,508 - INFO - Identificando manobras com base nos parâmetros...
2025-04-23 17:20:52,641 - INFO - Total de manobras identificadas: 612
2025-04-23 17:20:52,642 - INFO - Primeira manobra: 2025-04-22 08:37:57 - 2025-04-22 08:38:57
2025-04-23 17:20:52,642 - INFO - Última manobra: 2025-04-22 21:11:46 - 2025-04-22 21:11:46
2025-04-23 17:20:52,644 - INFO - Manobras identificadas com sucesso:
2025-04-23 17:20:52,644 - INFO - - Total de manobras: 612
2025-04-23 17:20:52,644 - INFO - - Tipos de manobra: {'Mudança de Direção': 612}
2025-04-23 17:20:52,645 - INFO - 
3. Calculando métricas...
2025-04-23 17:20:52,681 - ERROR - Erro: Não foi possível calcular métricas das manobras
2025-04-23 17:22:13,600 - INFO - Nenhum arquivo especificado. Processando todos os arquivos na pasta de entrada...
2025-04-23 17:22:13,601 - INFO - 
==================================================
2025-04-23 17:22:13,601 - INFO - Iniciando processamento do arquivo: dados\manobras2204.zip
2025-04-23 17:22:13,602 - INFO - ==================================================
2025-04-23 17:22:13,602 - INFO - 
1. Carregando arquivo base...
2025-04-23 17:22:13,620 - INFO - Tentando ler arquivo com encoding utf-8 e separador ';'
2025-04-23 17:22:13,707 - INFO - Arquivo lido com sucesso usando encoding utf-8 e separador ';'
2025-04-23 17:22:13,707 - INFO - Colunas encontradas: ['Equipamento', 'Data/Hora', 'Codigo Frente (Digitada)', 'Corte Base Automatico/Manual', 'Descricao Equipamento', 'Estado', 'Estado Operacional', 'Esteira Ligada', 'Grupo', 'Grupo Operacao', 'Horimetro', 'Implemento Ligado', 'Latitude', 'Longitude', 'Motor Ligado', 'Operacao', 'Operador', 'Pressao de Corte', 'RPM Extrator', 'RPM Motor', 'RTK', 'Tipo de Equipamento', 'Trabalhando Frente Dividida', 'Trabalhando em Fila', 'Velocidade', 'Implemento', 'Tipo Comunicacao']
2025-04-23 17:22:13,707 - INFO - Total de registros: 15031
2025-04-23 17:22:13,709 - INFO - Arquivo base processado com sucesso:
2025-04-23 17:22:13,709 - INFO - - Total de registros: 15031
2025-04-23 17:22:13,709 - INFO - - Colunas encontradas: ['Equipamento', 'Data/Hora', 'Codigo Frente (Digitada)', 'Corte Base Automatico/Manual', 'Descricao Equipamento', 'Estado', 'Estado Operacional', 'Esteira Ligada', 'Grupo', 'Grupo Operacao', 'Horimetro', 'Implemento Ligado', 'Latitude', 'Longitude', 'Motor Ligado', 'Operacao', 'Operador', 'Pressao de Corte', 'RPM Extrator', 'RPM Motor', 'RTK', 'Tipo de Equipamento', 'Trabalhando Frente Dividida', 'Trabalhando em Fila', 'Velocidade', 'Implemento', 'Tipo Comunicacao']
2025-04-23 17:22:13,710 - INFO - - Período: 2025-04-22 00:00:03 até 2025-04-22 23:59:58
2025-04-23 17:22:13,710 - INFO - 
2. Identificando manobras...
2025-04-23 17:22:13,710 - INFO - Iniciando identificação de manobras...
2025-04-23 17:22:13,710 - INFO - Convertendo colunas numéricas...
2025-04-23 17:22:13,710 - INFO - Tipos atuais das colunas: Latitude=object, Longitude=object, Velocidade=object
2025-04-23 17:22:13,710 - INFO - Exemplos de valores antes da conversão:
2025-04-23 17:22:13,710 - INFO - Latitude: ['-19,707906087239596', '-19,707906087239596', '-19,707899729410823']
2025-04-23 17:22:13,710 - INFO - Longitude: ['-50,49509048461915', '-50,4950777689616', '-50,49507141113282']
2025-04-23 17:22:13,710 - INFO - Velocidade: ['0', '0', '0']
2025-04-23 17:22:13,726 - INFO - Tipos após a conversão: Latitude=float64, Longitude=float64, Velocidade=float64
2025-04-23 17:22:13,726 - INFO - Exemplos de valores após a conversão:
2025-04-23 17:22:13,726 - INFO - Latitude: [-19.7079060872396, -19.7079060872396, -19.707899729410823]
2025-04-23 17:22:13,726 - INFO - Longitude: [-50.49509048461915, -50.4950777689616, -50.49507141113282]
2025-04-23 17:22:13,726 - INFO - Velocidade: [0.0, 0.0, 0.0]
2025-04-23 17:22:13,735 - INFO - Linhas removidas por valores nulos: 0 de 15031 (0.00%)
2025-04-23 17:22:13,735 - INFO - Calculando direção do movimento...
2025-04-23 17:22:13,738 - INFO - Identificando manobras com base nos parâmetros...
2025-04-23 17:22:13,857 - INFO - Total de manobras identificadas: 612
2025-04-23 17:22:13,857 - INFO - Primeira manobra: 2025-04-22 08:37:57 - 2025-04-22 08:38:57
2025-04-23 17:22:13,858 - INFO - Última manobra: 2025-04-22 21:11:46 - 2025-04-22 21:11:46
2025-04-23 17:22:13,861 - INFO - Manobras identificadas com sucesso:
2025-04-23 17:22:13,861 - INFO - - Total de manobras: 612
2025-04-23 17:22:13,862 - INFO - - Tipos de manobra: {'Mudança de Direção': 612}
2025-04-23 17:22:13,862 - INFO - 
3. Calculando métricas...
2025-04-23 17:22:13,878 - INFO - Métricas calculadas com sucesso:
2025-04-23 17:22:13,878 - INFO - - Equipamento: 1 registros
2025-04-23 17:22:13,878 - INFO - - Operador: 0 registros
2025-04-23 17:22:13,878 - INFO - - Frente: 0 registros
2025-04-23 17:22:13,878 - INFO - 
4. Criando dashboard...
2025-04-23 17:22:14,017 - ERROR - Erro ao processar arquivo de manobras: 'Frente'
2025-04-23 17:22:14,020 - ERROR - Traceback (most recent call last):
  File "C:\Users\IB\Desktop\Gilliard\Desenvolvimento\2_NOVA PLATAFORMA\processamentoexcel\.venv\Lib\site-packages\pandas\core\indexes\base.py", line 3805, in get_loc
    return self._engine.get_loc(casted_key)
           ^^^^^^^^^^^^^^^^^^^^^^^^^^^^^^^^
  File "index.pyx", line 167, in pandas._libs.index.IndexEngine.get_loc
  File "index.pyx", line 196, in pandas._libs.index.IndexEngine.get_loc
  File "pandas\\_libs\\hashtable_class_helper.pxi", line 7081, in pandas._libs.hashtable.PyObjectHashTable.get_item
  File "pandas\\_libs\\hashtable_class_helper.pxi", line 7089, in pandas._libs.hashtable.PyObjectHashTable.get_item
KeyError: 'Frente'

The above exception was the direct cause of the following exception:

Traceback (most recent call last):
  File "C:\Users\IB\Desktop\Gilliard\Desenvolvimento\2_NOVA PLATAFORMA\processamentoexcel\scripts\analise_manobras.py", line 616, in processar_arquivo_manobras
    app = criar_dashboard(df_manobras, metricas)
          ^^^^^^^^^^^^^^^^^^^^^^^^^^^^^^^^^^^^^^
  File "C:\Users\IB\Desktop\Gilliard\Desenvolvimento\2_NOVA PLATAFORMA\processamentoexcel\scripts\analise_manobras.py", line 312, in criar_dashboard
    frentes = sorted(df_manobras['Frente'].unique())
                     ~~~~~~~~~~~^^^^^^^^^^
  File "C:\Users\IB\Desktop\Gilliard\Desenvolvimento\2_NOVA PLATAFORMA\processamentoexcel\.venv\Lib\site-packages\pandas\core\frame.py", line 4102, in __getitem__
    indexer = self.columns.get_loc(key)
              ^^^^^^^^^^^^^^^^^^^^^^^^^
  File "C:\Users\IB\Desktop\Gilliard\Desenvolvimento\2_NOVA PLATAFORMA\processamentoexcel\.venv\Lib\site-packages\pandas\core\indexes\base.py", line 3812, in get_loc
    raise KeyError(key) from err
KeyError: 'Frente'

2025-04-23 17:23:02,504 - INFO - Nenhum arquivo especificado. Processando todos os arquivos na pasta de entrada...
2025-04-23 17:23:02,505 - INFO - 
==================================================
2025-04-23 17:23:02,505 - INFO - Iniciando processamento do arquivo: dados\manobras2204.zip
2025-04-23 17:23:02,505 - INFO - ==================================================
2025-04-23 17:23:02,505 - INFO - 
1. Carregando arquivo base...
2025-04-23 17:23:02,516 - INFO - Tentando ler arquivo com encoding utf-8 e separador ';'
2025-04-23 17:23:02,588 - INFO - Arquivo lido com sucesso usando encoding utf-8 e separador ';'
2025-04-23 17:23:02,588 - INFO - Colunas encontradas: ['Equipamento', 'Data/Hora', 'Codigo Frente (Digitada)', 'Corte Base Automatico/Manual', 'Descricao Equipamento', 'Estado', 'Estado Operacional', 'Esteira Ligada', 'Grupo', 'Grupo Operacao', 'Horimetro', 'Implemento Ligado', 'Latitude', 'Longitude', 'Motor Ligado', 'Operacao', 'Operador', 'Pressao de Corte', 'RPM Extrator', 'RPM Motor', 'RTK', 'Tipo de Equipamento', 'Trabalhando Frente Dividida', 'Trabalhando em Fila', 'Velocidade', 'Implemento', 'Tipo Comunicacao']
2025-04-23 17:23:02,588 - INFO - Total de registros: 15031
2025-04-23 17:23:02,590 - INFO - Arquivo base processado com sucesso:
2025-04-23 17:23:02,590 - INFO - - Total de registros: 15031
2025-04-23 17:23:02,590 - INFO - - Colunas encontradas: ['Equipamento', 'Data/Hora', 'Codigo Frente (Digitada)', 'Corte Base Automatico/Manual', 'Descricao Equipamento', 'Estado', 'Estado Operacional', 'Esteira Ligada', 'Grupo', 'Grupo Operacao', 'Horimetro', 'Implemento Ligado', 'Latitude', 'Longitude', 'Motor Ligado', 'Operacao', 'Operador', 'Pressao de Corte', 'RPM Extrator', 'RPM Motor', 'RTK', 'Tipo de Equipamento', 'Trabalhando Frente Dividida', 'Trabalhando em Fila', 'Velocidade', 'Implemento', 'Tipo Comunicacao']
2025-04-23 17:23:02,591 - INFO - - Período: 2025-04-22 00:00:03 até 2025-04-22 23:59:58
2025-04-23 17:23:02,591 - INFO - 
2. Identificando manobras...
2025-04-23 17:23:02,591 - INFO - Iniciando identificação de manobras...
2025-04-23 17:23:02,591 - INFO - Convertendo colunas numéricas...
2025-04-23 17:23:02,591 - INFO - Tipos atuais das colunas: Latitude=object, Longitude=object, Velocidade=object
2025-04-23 17:23:02,591 - INFO - Exemplos de valores antes da conversão:
2025-04-23 17:23:02,591 - INFO - Latitude: ['-19,707906087239596', '-19,707906087239596', '-19,707899729410823']
2025-04-23 17:23:02,592 - INFO - Longitude: ['-50,49509048461915', '-50,4950777689616', '-50,49507141113282']
2025-04-23 17:23:02,592 - INFO - Velocidade: ['0', '0', '0']
2025-04-23 17:23:02,609 - INFO - Tipos após a conversão: Latitude=float64, Longitude=float64, Velocidade=float64
2025-04-23 17:23:02,609 - INFO - Exemplos de valores após a conversão:
2025-04-23 17:23:02,609 - INFO - Latitude: [-19.7079060872396, -19.7079060872396, -19.707899729410823]
2025-04-23 17:23:02,610 - INFO - Longitude: [-50.49509048461915, -50.4950777689616, -50.49507141113282]
2025-04-23 17:23:02,610 - INFO - Velocidade: [0.0, 0.0, 0.0]
2025-04-23 17:23:02,617 - INFO - Linhas removidas por valores nulos: 0 de 15031 (0.00%)
2025-04-23 17:23:02,618 - INFO - Calculando direção do movimento...
2025-04-23 17:23:02,619 - INFO - Identificando manobras com base nos parâmetros...
2025-04-23 17:23:02,732 - INFO - Total de manobras identificadas: 612
2025-04-23 17:23:02,733 - INFO - Primeira manobra: 2025-04-22 08:37:57 - 2025-04-22 08:38:57
2025-04-23 17:23:02,733 - INFO - Última manobra: 2025-04-22 21:11:46 - 2025-04-22 21:11:46
2025-04-23 17:23:02,736 - INFO - Manobras identificadas com sucesso:
2025-04-23 17:23:02,736 - INFO - - Total de manobras: 612
2025-04-23 17:23:02,737 - INFO - - Tipos de manobra: {'Mudança de Direção': 612}
2025-04-23 17:23:02,737 - INFO - 
3. Calculando métricas...
2025-04-23 17:23:02,743 - INFO - Métricas calculadas com sucesso:
2025-04-23 17:23:02,743 - INFO - - Equipamento: 1 registros
2025-04-23 17:23:02,744 - INFO - - Operador: 0 registros
2025-04-23 17:23:02,744 - INFO - - Frente: 0 registros
2025-04-23 17:23:02,744 - INFO - 
4. Criando dashboard...
2025-04-23 17:23:03,540 - INFO - Dashboard criado com sucesso
2025-04-23 17:23:03,540 - INFO - 
5. Salvando resultados...
2025-04-23 17:23:04,683 - INFO - Resultados salvos com sucesso em: output\manobras2204_manobras.xlsx
2025-04-23 17:23:04,683 - INFO - 
6. Iniciando servidor de visualização...
2025-04-23 17:23:04,684 - INFO - Acesse http://localhost:8050 para visualizar o dashboard
2025-04-23 17:23:04,684 - ERROR - Erro ao processar arquivo de manobras: app.run_server has been replaced by app.run
2025-04-23 17:23:04,685 - ERROR - Traceback (most recent call last):
  File "C:\Users\IB\Desktop\Gilliard\Desenvolvimento\2_NOVA PLATAFORMA\processamentoexcel\scripts\analise_manobras.py", line 715, in processar_arquivo_manobras
    app.run_server(debug=True, port=8050)
    ^^^^^^^^^^^^^^
  File "C:\Users\IB\Desktop\Gilliard\Desenvolvimento\2_NOVA PLATAFORMA\processamentoexcel\.venv\Lib\site-packages\dash\_obsolete.py", line 22, in __getattr__
    raise err.exc(err.message)
dash.exceptions.ObsoleteAttributeException: app.run_server has been replaced by app.run

2025-04-23 17:23:25,630 - INFO - Nenhum arquivo especificado. Processando todos os arquivos na pasta de entrada...
2025-04-23 17:23:25,631 - INFO - Iniciando listagem de arquivos...
2025-04-23 17:23:25,631 - INFO - Procurando arquivos com padrão: dados\*manobras*.txt
2025-04-23 17:23:25,631 - INFO - Arquivos .txt encontrados: []
2025-04-23 17:23:25,631 - INFO - Procurando arquivos com padrão: dados\*manobras*.csv
2025-04-23 17:23:25,631 - INFO - Arquivos .csv encontrados: []
2025-04-23 17:23:25,631 - INFO - Procurando arquivos com padrão: dados\*manobras*.zip
2025-04-23 17:23:25,631 - INFO - Arquivos ZIP encontrados: ['dados\\manobras2204.zip']
2025-04-23 17:23:25,631 - INFO - Total de arquivos encontrados: 1
2025-04-23 17:23:25,632 - INFO - - manobras2204.zip
2025-04-23 17:23:25,632 - INFO - 
==================================================
2025-04-23 17:23:25,632 - INFO - Iniciando processamento do arquivo: dados\manobras2204.zip
2025-04-23 17:23:25,632 - INFO - ==================================================
2025-04-23 17:23:25,632 - INFO - 
1. Carregando arquivo base...
2025-04-23 17:23:25,642 - INFO - Tentando ler arquivo com encoding utf-8 e separador ';'
2025-04-23 17:23:25,714 - INFO - Arquivo lido com sucesso usando encoding utf-8 e separador ';'
2025-04-23 17:23:25,714 - INFO - Colunas encontradas: ['Equipamento', 'Data/Hora', 'Codigo Frente (Digitada)', 'Corte Base Automatico/Manual', 'Descricao Equipamento', 'Estado', 'Estado Operacional', 'Esteira Ligada', 'Grupo', 'Grupo Operacao', 'Horimetro', 'Implemento Ligado', 'Latitude', 'Longitude', 'Motor Ligado', 'Operacao', 'Operador', 'Pressao de Corte', 'RPM Extrator', 'RPM Motor', 'RTK', 'Tipo de Equipamento', 'Trabalhando Frente Dividida', 'Trabalhando em Fila', 'Velocidade', 'Implemento', 'Tipo Comunicacao']
2025-04-23 17:23:25,714 - INFO - Total de registros: 15031
2025-04-23 17:23:25,715 - INFO - Arquivo base processado com sucesso:
2025-04-23 17:23:25,715 - INFO - - Total de registros: 15031
2025-04-23 17:23:25,715 - INFO - - Colunas encontradas: ['Equipamento', 'Data/Hora', 'Codigo Frente (Digitada)', 'Corte Base Automatico/Manual', 'Descricao Equipamento', 'Estado', 'Estado Operacional', 'Esteira Ligada', 'Grupo', 'Grupo Operacao', 'Horimetro', 'Implemento Ligado', 'Latitude', 'Longitude', 'Motor Ligado', 'Operacao', 'Operador', 'Pressao de Corte', 'RPM Extrator', 'RPM Motor', 'RTK', 'Tipo de Equipamento', 'Trabalhando Frente Dividida', 'Trabalhando em Fila', 'Velocidade', 'Implemento', 'Tipo Comunicacao']
2025-04-23 17:23:25,715 - INFO - - Período: 2025-04-22 00:00:03 até 2025-04-22 23:59:58
2025-04-23 17:23:25,716 - INFO - 
2. Identificando manobras...
2025-04-23 17:23:25,716 - INFO - Iniciando identificação de manobras...
2025-04-23 17:23:25,716 - INFO - Convertendo colunas numéricas...
2025-04-23 17:23:25,716 - INFO - Tipos atuais das colunas: Latitude=object, Longitude=object, Velocidade=object
2025-04-23 17:23:25,717 - INFO - Exemplos de valores antes da conversão:
2025-04-23 17:23:25,717 - INFO - Latitude: ['-19,707906087239596', '-19,707906087239596', '-19,707899729410823']
2025-04-23 17:23:25,717 - INFO - Longitude: ['-50,49509048461915', '-50,4950777689616', '-50,49507141113282']
2025-04-23 17:23:25,717 - INFO - Velocidade: ['0', '0', '0']
2025-04-23 17:23:25,732 - INFO - Tipos após a conversão: Latitude=float64, Longitude=float64, Velocidade=float64
2025-04-23 17:23:25,732 - INFO - Exemplos de valores após a conversão:
2025-04-23 17:23:25,732 - INFO - Latitude: [-19.7079060872396, -19.7079060872396, -19.707899729410823]
2025-04-23 17:23:25,732 - INFO - Longitude: [-50.49509048461915, -50.4950777689616, -50.49507141113282]
2025-04-23 17:23:25,733 - INFO - Velocidade: [0.0, 0.0, 0.0]
2025-04-23 17:23:25,739 - INFO - Linhas removidas por valores nulos: 0 de 15031 (0.00%)
2025-04-23 17:23:25,740 - INFO - Calculando direção do movimento...
2025-04-23 17:23:25,742 - INFO - Identificando manobras com base nos parâmetros...
2025-04-23 17:23:25,859 - INFO - Total de manobras identificadas: 612
2025-04-23 17:23:25,859 - INFO - Primeira manobra: 2025-04-22 08:37:57 - 2025-04-22 08:38:57
2025-04-23 17:23:25,859 - INFO - Última manobra: 2025-04-22 21:11:46 - 2025-04-22 21:11:46
2025-04-23 17:23:25,862 - INFO - Manobras identificadas com sucesso:
2025-04-23 17:23:25,862 - INFO - - Total de manobras: 612
2025-04-23 17:23:25,863 - INFO - - Tipos de manobra: {'Mudança de Direção': 612}
2025-04-23 17:23:25,863 - INFO - 
3. Calculando métricas...
2025-04-23 17:23:25,869 - INFO - Métricas calculadas com sucesso:
2025-04-23 17:23:25,869 - INFO - - Equipamento: 1 registros
2025-04-23 17:23:25,869 - INFO - - Operador: 0 registros
2025-04-23 17:23:25,870 - INFO - - Frente: 0 registros
2025-04-23 17:23:25,870 - INFO - 
4. Criando dashboard...
2025-04-23 17:23:26,126 - INFO - Dashboard criado com sucesso
2025-04-23 17:23:26,126 - INFO - 
5. Salvando resultados...
2025-04-23 17:23:26,315 - INFO - Resultados salvos com sucesso em: output\manobras2204_manobras.xlsx
2025-04-23 17:23:26,316 - INFO - 
6. Iniciando servidor de visualização...
2025-04-23 17:23:26,316 - INFO - Acesse http://localhost:8050 para visualizar o dashboard
2025-04-23 17:23:26,316 - ERROR - Erro ao processar arquivo de manobras: app.run_server has been replaced by app.run
2025-04-23 17:23:26,317 - ERROR - Traceback (most recent call last):
  File "C:\Users\IB\Desktop\Gilliard\Desenvolvimento\2_NOVA PLATAFORMA\processamentoexcel\scripts\analise_manobras.py", line 724, in processar_arquivo_manobras
    app.run_server(debug=True, port=8050)
    ^^^^^^^^^^^^^^
  File "C:\Users\IB\Desktop\Gilliard\Desenvolvimento\2_NOVA PLATAFORMA\processamentoexcel\.venv\Lib\site-packages\dash\_obsolete.py", line 22, in __getattr__
    raise err.exc(err.message)
dash.exceptions.ObsoleteAttributeException: app.run_server has been replaced by app.run

2025-04-23 17:24:09,059 - INFO - Nenhum arquivo especificado. Processando todos os arquivos na pasta de entrada...
2025-04-23 17:24:09,060 - INFO - Iniciando listagem de arquivos...
2025-04-23 17:24:09,060 - INFO - Procurando arquivos com padrão: dados\*manobras*.txt
2025-04-23 17:24:09,060 - INFO - Arquivos .txt encontrados: []
2025-04-23 17:24:09,060 - INFO - Procurando arquivos com padrão: dados\*manobras*.csv
2025-04-23 17:24:09,061 - INFO - Arquivos .csv encontrados: []
2025-04-23 17:24:09,061 - INFO - Procurando arquivos com padrão: dados\*manobras*.zip
2025-04-23 17:24:09,061 - INFO - Arquivos ZIP encontrados: ['dados\\manobras2204.zip']
2025-04-23 17:24:09,061 - INFO - Total de arquivos encontrados: 1
2025-04-23 17:24:09,061 - INFO - - manobras2204.zip
2025-04-23 17:24:09,061 - INFO - 
==================================================
2025-04-23 17:24:09,061 - INFO - Iniciando processamento do arquivo: dados\manobras2204.zip
2025-04-23 17:24:09,061 - INFO - ==================================================
2025-04-23 17:24:09,061 - INFO - 
1. Carregando arquivo base...
2025-04-23 17:24:09,071 - INFO - Tentando ler arquivo com encoding utf-8 e separador ';'
2025-04-23 17:24:09,151 - INFO - Arquivo lido com sucesso usando encoding utf-8 e separador ';'
2025-04-23 17:24:09,151 - INFO - Colunas encontradas: ['Equipamento', 'Data/Hora', 'Codigo Frente (Digitada)', 'Corte Base Automatico/Manual', 'Descricao Equipamento', 'Estado', 'Estado Operacional', 'Esteira Ligada', 'Grupo', 'Grupo Operacao', 'Horimetro', 'Implemento Ligado', 'Latitude', 'Longitude', 'Motor Ligado', 'Operacao', 'Operador', 'Pressao de Corte', 'RPM Extrator', 'RPM Motor', 'RTK', 'Tipo de Equipamento', 'Trabalhando Frente Dividida', 'Trabalhando em Fila', 'Velocidade', 'Implemento', 'Tipo Comunicacao']
2025-04-23 17:24:09,152 - INFO - Total de registros: 15031
2025-04-23 17:24:09,153 - INFO - Arquivo base processado com sucesso:
2025-04-23 17:24:09,153 - INFO - - Total de registros: 15031
2025-04-23 17:24:09,153 - INFO - - Colunas encontradas: ['Equipamento', 'Data/Hora', 'Codigo Frente (Digitada)', 'Corte Base Automatico/Manual', 'Descricao Equipamento', 'Estado', 'Estado Operacional', 'Esteira Ligada', 'Grupo', 'Grupo Operacao', 'Horimetro', 'Implemento Ligado', 'Latitude', 'Longitude', 'Motor Ligado', 'Operacao', 'Operador', 'Pressao de Corte', 'RPM Extrator', 'RPM Motor', 'RTK', 'Tipo de Equipamento', 'Trabalhando Frente Dividida', 'Trabalhando em Fila', 'Velocidade', 'Implemento', 'Tipo Comunicacao']
2025-04-23 17:24:09,154 - INFO - - Período: 2025-04-22 00:00:03 até 2025-04-22 23:59:58
2025-04-23 17:24:09,154 - INFO - 
2. Identificando manobras...
2025-04-23 17:24:09,154 - INFO - Iniciando identificação de manobras...
2025-04-23 17:24:09,154 - INFO - Convertendo colunas numéricas...
2025-04-23 17:24:09,155 - INFO - Tipos atuais das colunas: Latitude=object, Longitude=object, Velocidade=object
2025-04-23 17:24:09,155 - INFO - Exemplos de valores antes da conversão:
2025-04-23 17:24:09,155 - INFO - Latitude: ['-19,707906087239596', '-19,707906087239596', '-19,707899729410823']
2025-04-23 17:24:09,155 - INFO - Longitude: ['-50,49509048461915', '-50,4950777689616', '-50,49507141113282']
2025-04-23 17:24:09,156 - INFO - Velocidade: ['0', '0', '0']
2025-04-23 17:24:09,173 - INFO - Tipos após a conversão: Latitude=float64, Longitude=float64, Velocidade=float64
2025-04-23 17:24:09,173 - INFO - Exemplos de valores após a conversão:
2025-04-23 17:24:09,174 - INFO - Latitude: [-19.7079060872396, -19.7079060872396, -19.707899729410823]
2025-04-23 17:24:09,174 - INFO - Longitude: [-50.49509048461915, -50.4950777689616, -50.49507141113282]
2025-04-23 17:24:09,175 - INFO - Velocidade: [0.0, 0.0, 0.0]
2025-04-23 17:24:09,184 - INFO - Linhas removidas por valores nulos: 0 de 15031 (0.00%)
2025-04-23 17:24:09,184 - INFO - Calculando direção do movimento...
2025-04-23 17:24:09,188 - INFO - Identificando manobras com base nos parâmetros...
2025-04-23 17:24:09,303 - INFO - Total de manobras identificadas: 612
2025-04-23 17:24:09,303 - INFO - Primeira manobra: 2025-04-22 08:37:57 - 2025-04-22 08:38:57
2025-04-23 17:24:09,303 - INFO - Última manobra: 2025-04-22 21:11:46 - 2025-04-22 21:11:46
2025-04-23 17:24:09,308 - INFO - Manobras identificadas com sucesso:
2025-04-23 17:24:09,308 - INFO - - Total de manobras: 612
2025-04-23 17:24:09,309 - INFO - - Tipos de manobra: {'Mudança de Direção': 612}
2025-04-23 17:24:09,309 - INFO - 
3. Calculando métricas...
2025-04-23 17:24:09,316 - INFO - Métricas calculadas com sucesso:
2025-04-23 17:24:09,316 - INFO - - Equipamento: 1 registros
2025-04-23 17:24:09,316 - INFO - - Operador: 0 registros
2025-04-23 17:24:09,316 - INFO - - Frente: 0 registros
2025-04-23 17:24:09,316 - INFO - 
4. Criando dashboard...
2025-04-23 17:24:09,353 - INFO - Dashboard criado com sucesso
2025-04-23 17:24:09,353 - INFO - 
5. Salvando resultados...
2025-04-23 17:24:09,557 - INFO - Resultados salvos com sucesso em: output\manobras2204_manobras.xlsx
2025-04-23 17:24:09,557 - INFO - 
6. Iniciando servidor de visualização...
2025-04-23 17:24:09,557 - INFO - Acesse http://localhost:8050 para visualizar o dashboard
2025-04-23 17:24:09,558 - ERROR - Erro ao iniciar o servidor: app.run_server has been replaced by app.run
2025-04-23 17:24:22,633 - INFO - Nenhum arquivo especificado. Processando todos os arquivos na pasta de entrada...
2025-04-23 17:24:22,633 - INFO - Iniciando listagem de arquivos...
2025-04-23 17:24:22,634 - INFO - Procurando arquivos com padrão: dados\*manobras*.txt
2025-04-23 17:24:22,634 - INFO - Arquivos .txt encontrados: []
2025-04-23 17:24:22,634 - INFO - Procurando arquivos com padrão: dados\*manobras*.csv
2025-04-23 17:24:22,634 - INFO - Arquivos .csv encontrados: []
2025-04-23 17:24:22,635 - INFO - Procurando arquivos com padrão: dados\*manobras*.zip
2025-04-23 17:24:22,635 - INFO - Arquivos ZIP encontrados: ['dados\\manobras2204.zip']
2025-04-23 17:24:22,635 - INFO - Total de arquivos encontrados: 1
2025-04-23 17:24:22,636 - INFO - - manobras2204.zip
2025-04-23 17:24:22,636 - INFO - 
==================================================
2025-04-23 17:24:22,636 - INFO - Iniciando processamento do arquivo: dados\manobras2204.zip
2025-04-23 17:24:22,636 - INFO - ==================================================
2025-04-23 17:24:22,637 - INFO - 
1. Carregando arquivo base...
2025-04-23 17:24:22,646 - INFO - Tentando ler arquivo com encoding utf-8 e separador ';'
2025-04-23 17:24:22,720 - INFO - Arquivo lido com sucesso usando encoding utf-8 e separador ';'
2025-04-23 17:24:22,720 - INFO - Colunas encontradas: ['Equipamento', 'Data/Hora', 'Codigo Frente (Digitada)', 'Corte Base Automatico/Manual', 'Descricao Equipamento', 'Estado', 'Estado Operacional', 'Esteira Ligada', 'Grupo', 'Grupo Operacao', 'Horimetro', 'Implemento Ligado', 'Latitude', 'Longitude', 'Motor Ligado', 'Operacao', 'Operador', 'Pressao de Corte', 'RPM Extrator', 'RPM Motor', 'RTK', 'Tipo de Equipamento', 'Trabalhando Frente Dividida', 'Trabalhando em Fila', 'Velocidade', 'Implemento', 'Tipo Comunicacao']
2025-04-23 17:24:22,720 - INFO - Total de registros: 15031
2025-04-23 17:24:22,721 - INFO - Arquivo base processado com sucesso:
2025-04-23 17:24:22,722 - INFO - - Total de registros: 15031
2025-04-23 17:24:22,722 - INFO - - Colunas encontradas: ['Equipamento', 'Data/Hora', 'Codigo Frente (Digitada)', 'Corte Base Automatico/Manual', 'Descricao Equipamento', 'Estado', 'Estado Operacional', 'Esteira Ligada', 'Grupo', 'Grupo Operacao', 'Horimetro', 'Implemento Ligado', 'Latitude', 'Longitude', 'Motor Ligado', 'Operacao', 'Operador', 'Pressao de Corte', 'RPM Extrator', 'RPM Motor', 'RTK', 'Tipo de Equipamento', 'Trabalhando Frente Dividida', 'Trabalhando em Fila', 'Velocidade', 'Implemento', 'Tipo Comunicacao']
2025-04-23 17:24:22,723 - INFO - - Período: 2025-04-22 00:00:03 até 2025-04-22 23:59:58
2025-04-23 17:24:22,723 - INFO - 
2. Identificando manobras...
2025-04-23 17:24:22,723 - INFO - Iniciando identificação de manobras...
2025-04-23 17:24:22,723 - INFO - Convertendo colunas numéricas...
2025-04-23 17:24:22,723 - INFO - Tipos atuais das colunas: Latitude=object, Longitude=object, Velocidade=object
2025-04-23 17:24:22,723 - INFO - Exemplos de valores antes da conversão:
2025-04-23 17:24:22,723 - INFO - Latitude: ['-19,707906087239596', '-19,707906087239596', '-19,707899729410823']
2025-04-23 17:24:22,724 - INFO - Longitude: ['-50,49509048461915', '-50,4950777689616', '-50,49507141113282']
2025-04-23 17:24:22,724 - INFO - Velocidade: ['0', '0', '0']
2025-04-23 17:24:22,738 - INFO - Tipos após a conversão: Latitude=float64, Longitude=float64, Velocidade=float64
2025-04-23 17:24:22,739 - INFO - Exemplos de valores após a conversão:
2025-04-23 17:24:22,739 - INFO - Latitude: [-19.7079060872396, -19.7079060872396, -19.707899729410823]
2025-04-23 17:24:22,739 - INFO - Longitude: [-50.49509048461915, -50.4950777689616, -50.49507141113282]
2025-04-23 17:24:22,739 - INFO - Velocidade: [0.0, 0.0, 0.0]
2025-04-23 17:24:22,747 - INFO - Linhas removidas por valores nulos: 0 de 15031 (0.00%)
2025-04-23 17:24:22,747 - INFO - Calculando direção do movimento...
2025-04-23 17:24:22,750 - INFO - Identificando manobras com base nos parâmetros...
2025-04-23 17:24:22,868 - INFO - Total de manobras identificadas: 612
2025-04-23 17:24:22,869 - INFO - Primeira manobra: 2025-04-22 08:37:57 - 2025-04-22 08:38:57
2025-04-23 17:24:22,869 - INFO - Última manobra: 2025-04-22 21:11:46 - 2025-04-22 21:11:46
2025-04-23 17:24:22,872 - INFO - Manobras identificadas com sucesso:
2025-04-23 17:24:22,872 - INFO - - Total de manobras: 612
2025-04-23 17:24:22,873 - INFO - - Tipos de manobra: {'Mudança de Direção': 612}
2025-04-23 17:24:22,873 - INFO - 
3. Calculando métricas...
2025-04-23 17:24:22,879 - INFO - Métricas calculadas com sucesso:
2025-04-23 17:24:22,879 - INFO - - Equipamento: 1 registros
2025-04-23 17:24:22,879 - INFO - - Operador: 0 registros
2025-04-23 17:24:22,880 - INFO - - Frente: 0 registros
2025-04-23 17:24:22,880 - INFO - 
4. Criando dashboard...
2025-04-23 17:24:22,912 - INFO - Dashboard criado com sucesso
2025-04-23 17:24:22,913 - INFO - 
5. Salvando resultados...
2025-04-23 17:24:23,109 - INFO - Resultados salvos com sucesso em: output\manobras2204_manobras.xlsx
2025-04-23 17:24:23,109 - INFO - 
6. Iniciando servidor de visualização...
2025-04-23 17:24:23,109 - INFO - Acesse http://localhost:8050 para visualizar o dashboard
2025-04-23 17:24:23,110 - ERROR - Erro ao iniciar o servidor: app.run_server has been replaced by app.run
